<?xml version="1.0" encoding="UTF-8"?>
<!-- Generated by org.testng.reporters.JUnitReportReporter -->
<testsuite hostname="DESKTOP-GD8U9OU" failures="0" tests="1" name="org.test.qa.GitAndGithubTest.Test1" time="21.399" errors="0" timestamp="2024-09-16T13:55:29 IST" skipped="0">
  <testcase classname="org.test.qa.GitAndGithubTest.Test1" name="TC001" time="21.399"/>
</testsuite> <!-- org.test.qa.GitAndGithubTest.Test1 -->
